Using pre-set license
Built from '2020.2/release' branch; Version is '2020.2.1f1 (270dd8c3da1c) revision 2559448'; Using compiler version '192528614'; Build Type 'Release'
OS: 'Windows 10  (10.0.0) 64bit' Language: 'fi' Physical Memory: 16248 MB
BatchMode: 1, IsHumanControllingUs: 0, StartBugReporterOnCrash: 0, Is64bit: 1, IsPro: 0

 COMMAND LINE ARGUMENTS:
C:\UnityVersions\2020.2.1f1\Editor\Unity.exe
-adb2
-batchMode
-noUpm
-name
AssetImportWorker0
-projectPath
C:/Users/vahla/Documents/GitHub/STG/STG_VR/STG_VR
-logFile
Logs/AssetImportWorker0.log
-srvPort
54396
Successfully changed project path to: C:/Users/vahla/Documents/GitHub/STG/STG_VR/STG_VR
C:/Users/vahla/Documents/GitHub/STG/STG_VR/STG_VR
Using Asset Import Pipeline V2.
Refreshing native plugins compatible for Editor in 40.55 ms, found 0 plugins.
Preloading 0 native plugins for Editor in 0.00 ms.
Initialize engine version: 2020.2.1f1 (270dd8c3da1c)
[Subsystems] Discovering subsystems at path C:/UnityVersions/2020.2.1f1/Editor/Data/Resources/UnitySubsystems
[Subsystems] Discovering subsystems at path C:/Users/vahla/Documents/GitHub/STG/STG_VR/STG_VR/Assets
GfxDevice: creating device client; threaded=0
Direct3D:
    Version:  Direct3D 11.0 [level 11.1]
    Renderer: NVIDIA GeForce RTX 3070 (ID=0x2484)
    Vendor:   
    VRAM:     8043 MB
    Driver:   27.21.14.6140
Shader 'Universal Render Pipeline/Particles/Lit': fallback shader 'Universal Render Pipeline/Particles/SimpleLit' not found
Initialize mono
Mono path[0] = 'C:/UnityVersions/2020.2.1f1/Editor/Data/Managed'
Mono path[1] = 'C:/UnityVersions/2020.2.1f1/Editor/Data/MonoBleedingEdge/lib/mono/unityjit'
Mono config path = 'C:/UnityVersions/2020.2.1f1/Editor/Data/MonoBleedingEdge/etc'
Using monoOptions --debugger-agent=transport=dt_socket,embedding=1,server=y,suspend=n,address=127.0.0.1:56772
Begin MonoManager ReloadAssembly
Registering precompiled unity dll's ...
Register platform support module: C:/UnityVersions/2020.2.1f1/Editor/Data/PlaybackEngines/WindowsStandaloneSupport/UnityEditor.WindowsStandalone.Extensions.dll
Registered in 0.001419 seconds.
Native extension for WindowsStandalone target not found
Refreshing native plugins compatible for Editor in 39.32 ms, found 0 plugins.
Preloading 0 native plugins for Editor in 0.00 ms.
Invoked RoslynAnalysisRunner static constructor.
RoslynAnalysisRunner will not be running.
RoslynAnalysisRunner has terminated.
Mono: successfully reloaded assembly
- Completed reload, in  0.837 seconds
Platform modules already initialized, skipping
Registering precompiled user dll's ...
Registered in 0.001058 seconds.
Begin MonoManager ReloadAssembly
Native extension for WindowsStandalone target not found
Refreshing native plugins compatible for Editor in 40.46 ms, found 0 plugins.
Preloading 0 native plugins for Editor in 0.00 ms.
Invoked RoslynAnalysisRunner static constructor.
RoslynAnalysisRunner will not be running.
RoslynAnalysisRunner has terminated.
Mono: successfully reloaded assembly
- Completed reload, in  0.881 seconds
Platform modules already initialized, skipping
========================================================================
Worker process is ready to serve import requests
Shader 'Universal Render Pipeline/Particles/Lit': fallback shader 'Universal Render Pipeline/Particles/SimpleLit' not found
Launched and connected shader compiler UnityShaderCompiler.exe after 0.02 seconds
Refreshing native plugins compatible for Editor in 0.38 ms, found 0 plugins.
Preloading 0 native plugins for Editor in 0.00 ms.
Unloading 2406 Unused Serialized files (Serialized files now loaded: 0)
System memory in use before: 113.8 MB.
System memory in use after: 114.0 MB.

Unloading 10 unused Assets to reduce memory usage. Loaded Objects now: 2851.
Total: 1.776900 ms (FindLiveObjects: 0.248000 ms CreateObjectMapping: 0.107900 ms MarkObjects: 1.375800 ms  DeleteObjects: 0.044300 ms)

========================================================================
Received Import Request.
  path: Assets/Readme.asset
  artifactKey: Guid(83c2ed844a8c74b779a4c823d16594b1) Importer(815301076,1909f56bfc062723c751e8b465ee728b)
Start importing Assets/Readme.asset using Guid(83c2ed844a8c74b779a4c823d16594b1) Importer(815301076,1909f56bfc062723c751e8b465ee728b)  -> (artifact id: 'cf6c1105aea63a748fcaa5f7f2e0893d') in 0.021740 seconds
  Import took 0.024960 seconds .

========================================================================
Received Import Request.
  Time since last request: 47.285709 seconds.
  path: Assets/Oculus Hands/Animations
  artifactKey: Guid(2228b42f63b7eb64ba61b6fdcb9a55e2) Importer(815301076,1909f56bfc062723c751e8b465ee728b)
Start importing Assets/Oculus Hands/Animations using Guid(2228b42f63b7eb64ba61b6fdcb9a55e2) Importer(815301076,1909f56bfc062723c751e8b465ee728b)  -> (artifact id: '2b81a481994bbf68853bceed4b590dfa') in 0.005914 seconds
  Import took 0.009170 seconds .

========================================================================
Received Import Request.
  Time since last request: 0.005238 seconds.
  path: Assets/Oculus Hands/Animations
  artifactKey: Guid(2228b42f63b7eb64ba61b6fdcb9a55e2) Importer(815301076,1909f56bfc062723c751e8b465ee728b)
Start importing Assets/Oculus Hands/Animations using Guid(2228b42f63b7eb64ba61b6fdcb9a55e2) Importer(815301076,1909f56bfc062723c751e8b465ee728b)  -> (artifact id: '2b81a481994bbf68853bceed4b590dfa') in 0.002494 seconds
  Import took 0.006163 seconds .

========================================================================
Received Import Request.
  Time since last request: 11.733407 seconds.
  path: Assets/VR Controllers Models/Oculus Controllers
  artifactKey: Guid(c6c7b9a0a7ea0c54a930f57583390e49) Importer(815301076,1909f56bfc062723c751e8b465ee728b)
Start importing Assets/VR Controllers Models/Oculus Controllers using Guid(c6c7b9a0a7ea0c54a930f57583390e49) Importer(815301076,1909f56bfc062723c751e8b465ee728b)  -> (artifact id: 'f907b6389616d91d589fafb114e053a6') in 0.006277 seconds
  Import took 0.009539 seconds .

========================================================================
Received Import Request.
  Time since last request: 8.297520 seconds.
  path: Assets/textures/Crosshair.png
  artifactKey: Guid(59e24682932fa05448533a8b8dd0a578) Importer(815301076,1909f56bfc062723c751e8b465ee728b)
Start importing Assets/textures/Crosshair.png using Guid(59e24682932fa05448533a8b8dd0a578) Importer(815301076,1909f56bfc062723c751e8b465ee728b)  -> (artifact id: '741777d9f4f88336b67b7ae3ecc8df2e') in 0.094380 seconds
  Import took 0.097738 seconds .

========================================================================
Received Import Request.
  Time since last request: 0.000166 seconds.
  path: Assets/textures/Gold-Texture.png
  artifactKey: Guid(e33ee0e76a9dbd74e942f0ce5a90899c) Importer(815301076,1909f56bfc062723c751e8b465ee728b)
Start importing Assets/textures/Gold-Texture.png using Guid(e33ee0e76a9dbd74e942f0ce5a90899c) Importer(815301076,1909f56bfc062723c751e8b465ee728b)  -> (artifact id: 'e500ee976bceada7b2479f73b5705ec2') in 0.017443 seconds
  Import took 0.021122 seconds .

========================================================================
Received Import Request.
  Time since last request: 0.888753 seconds.
  path: Assets/Western Props/Ground.mat
  artifactKey: Guid(cc089a666560b884fa8aea57369e383a) Importer(815301076,1909f56bfc062723c751e8b465ee728b)
Start importing Assets/Western Props/Ground.mat using Guid(cc089a666560b884fa8aea57369e383a) Importer(815301076,1909f56bfc062723c751e8b465ee728b)  -> (artifact id: '256415b93c0737b978231e2b59b6bf99') in 0.440633 seconds
  Import took 0.444122 seconds .

========================================================================
Received Import Request.
  Time since last request: 2.013284 seconds.
  path: Assets/sprites/shell.png
  artifactKey: Guid(15376850445e4b647bf61602fabceacf) Importer(815301076,1909f56bfc062723c751e8b465ee728b)
Start importing Assets/sprites/shell.png using Guid(15376850445e4b647bf61602fabceacf) Importer(815301076,1909f56bfc062723c751e8b465ee728b)  -> (artifact id: '98939be9ee3a4016e39bda3d84becade') in 0.013892 seconds
  Import took 0.017291 seconds .

========================================================================
Received Import Request.
  Time since last request: 0.636126 seconds.
  path: Assets/settings/UniversalRenderPipelineAsset.asset
  artifactKey: Guid(5bbb31d5847c10541beb578370cf9680) Importer(815301076,1909f56bfc062723c751e8b465ee728b)
Start importing Assets/settings/UniversalRenderPipelineAsset.asset using Guid(5bbb31d5847c10541beb578370cf9680) Importer(815301076,1909f56bfc062723c751e8b465ee728b)  -> (artifact id: 'aee3f09184a13f48c249b4e9e529f913') in 0.006490 seconds
  Import took 0.010026 seconds .

========================================================================
Received Import Request.
  Time since last request: 0.000152 seconds.
  path: Assets/settings/UniversalRenderPipelineAsset_Renderer.asset
  artifactKey: Guid(f04ce95f84cfd1543bf9d4069d8897d5) Importer(815301076,1909f56bfc062723c751e8b465ee728b)
Start importing Assets/settings/UniversalRenderPipelineAsset_Renderer.asset using Guid(f04ce95f84cfd1543bf9d4069d8897d5) Importer(815301076,1909f56bfc062723c751e8b465ee728b)  -> (artifact id: 'f9abf1f6bf0b0bc5df4711914d66cabb') in 0.006692 seconds
  Import took 0.009782 seconds .

========================================================================
Received Import Request.
  Time since last request: 4.912896 seconds.
  path: Assets/prefabs/Example-Enemy 1.prefab
  artifactKey: Guid(4f12de22963a21d42bffaef225583acd) Importer(815301076,1909f56bfc062723c751e8b465ee728b)
Start importing Assets/prefabs/Example-Enemy 1.prefab using Guid(4f12de22963a21d42bffaef225583acd) Importer(815301076,1909f56bfc062723c751e8b465ee728b)  -> (artifact id: '779a9478fd38558168fbc2f9c917fd30') in 0.026543 seconds
  Import took 0.030032 seconds .

========================================================================
Received Import Request.
  Time since last request: 0.000158 seconds.
  path: Assets/prefabs/GunHit.prefab
  artifactKey: Guid(48bff257e2ec2d0438889e6276ea2d6d) Importer(815301076,1909f56bfc062723c751e8b465ee728b)
Start importing Assets/prefabs/GunHit.prefab using Guid(48bff257e2ec2d0438889e6276ea2d6d) Importer(815301076,1909f56bfc062723c751e8b465ee728b)  -> (artifact id: '9c0d95412f08add85599ecee87673681') in 0.009978 seconds
  Import took 0.013214 seconds .

========================================================================
Received Import Request.
  Time since last request: 0.000147 seconds.
  path: Assets/prefabs/Sphere.prefab
  artifactKey: Guid(994a7c3501e854940b9eb48fc6070865) Importer(815301076,1909f56bfc062723c751e8b465ee728b)
Start importing Assets/prefabs/Sphere.prefab using Guid(994a7c3501e854940b9eb48fc6070865) Importer(815301076,1909f56bfc062723c751e8b465ee728b)  -> (artifact id: '4a1a1951fdc908d2df2b43ab6eee8412') in 0.225676 seconds
  Import took 0.229002 seconds .

========================================================================
Received Import Request.
  Time since last request: 0.000231 seconds.
  path: Assets/prefabs/Player.prefab
  artifactKey: Guid(2dd45f74541407b4ab8fe72cc6941ef4) Importer(815301076,1909f56bfc062723c751e8b465ee728b)
Start importing Assets/prefabs/Player.prefab using Guid(2dd45f74541407b4ab8fe72cc6941ef4) Importer(815301076,1909f56bfc062723c751e8b465ee728b)  -> (artifact id: '88e8cf26d43ce646dd08c6a81b20c7be') in 0.337132 seconds
  Import took 0.340499 seconds .

========================================================================
Received Import Request.
  Time since last request: 3.650496 seconds.
  path: Assets/Samples/XR Interaction Toolkit
  artifactKey: Guid(4bbefb2335cb76f43ba9f7cfc92c666b) Importer(815301076,1909f56bfc062723c751e8b465ee728b)
Start importing Assets/Samples/XR Interaction Toolkit using Guid(4bbefb2335cb76f43ba9f7cfc92c666b) Importer(815301076,1909f56bfc062723c751e8b465ee728b)  -> (artifact id: '86ed26388eec4104f2511986db2aeb46') in 0.006225 seconds
  Import took 0.009470 seconds .

========================================================================
Received Import Request.
  Time since last request: 0.621384 seconds.
  path: Assets/Samples/XR Interaction Toolkit/0.10.0-preview.7
  artifactKey: Guid(72cde5a0ca609c8449bcb60a87f29920) Importer(815301076,1909f56bfc062723c751e8b465ee728b)
Start importing Assets/Samples/XR Interaction Toolkit/0.10.0-preview.7 using Guid(72cde5a0ca609c8449bcb60a87f29920) Importer(815301076,1909f56bfc062723c751e8b465ee728b)  -> (artifact id: '00851143454079e2c3bf1b39b91dd128') in 0.006174 seconds
  Import took 0.009566 seconds .

========================================================================
Received Prepare
Registering precompiled user dll's ...
Registered in 0.001077 seconds.
Begin MonoManager ReloadAssembly
Native extension for WindowsStandalone target not found
Refreshing native plugins compatible for Editor in 0.37 ms, found 0 plugins.
Preloading 0 native plugins for Editor in 0.00 ms.
Invoked RoslynAnalysisRunner static constructor.
RoslynAnalysisRunner will not be running.
RoslynAnalysisRunner has terminated.
Mono: successfully reloaded assembly
- Completed reload, in  0.775 seconds
Platform modules already initialized, skipping
Shader 'Universal Render Pipeline/Particles/Lit': fallback shader 'Universal Render Pipeline/Particles/SimpleLit' not found
Refreshing native plugins compatible for Editor in 0.68 ms, found 0 plugins.
Preloading 0 native plugins for Editor in 0.00 ms.
Unloading 2287 Unused Serialized files (Serialized files now loaded: 0)
System memory in use before: 113.1 MB.
System memory in use after: 113.3 MB.

Unloading 6 unused Assets to reduce memory usage. Loaded Objects now: 2939.
Total: 1.981200 ms (FindLiveObjects: 0.252200 ms CreateObjectMapping: 0.100100 ms MarkObjects: 1.597600 ms  DeleteObjects: 0.030400 ms)

AssetImportWorkerClient::OnTransportError - code=2 error=End of file
